#
# A fatal error has been detected by the Java Runtime Environment:
#
#  EXCEPTION_ACCESS_VIOLATION (0xc0000005) at pc=0x6c1f1253, pid=7576, tid=5084
#
# JRE version: Java(TM) SE Runtime Environment (8.0_45-b15) (build 1.8.0_45-b15)
# Java VM: Java HotSpot(TM) Client VM (25.45-b02 mixed mode windows-x86 )
# Problematic frame:
# C  [lwjgl32.dll+0x31253]
#
# Failed to write core dump. Minidumps are not enabled by default on client versions of Windows
#
# If you would like to submit a bug report, please visit:
#   http://bugreport.java.com/bugreport/crash.jsp
# The crash happened outside the Java Virtual Machine in native code.
# See problematic frame for where to report the bug.
#

---------------  T H R E A D  ---------------

Current thread (0x011abc00):  JavaThread "main" [_thread_in_native, id=5084, stack(0x011b0000,0x01200000)]

siginfo: ExceptionCode=0xc0000005, reading address 0x00000000

Registers:
EAX=0x00000000, EBX=0x00000001, ECX=0x00000000, EDX=0x00000000
ESP=0x011ffa6c, EBP=0x011ffacc, ESI=0x00000000, EDI=0x00000000
EIP=0x6c1f1253, EFLAGS=0x00010206

Top of Stack: (sp=0x011ffa6c)
0x011ffa6c:   00000001 6c1f13bb 15d04000 00000000
0x011ffa7c:   6c1f6215 011abc00 1a9946c0 1a9946c0
0x011ffa8c:   15d01000 00000000 00000000 00000000
0x011ffa9c:   011ac120 011a63c0 011ac118 011ac120
0x011ffaac:   011ac50c 000003ec 02acb4f8 011aa6a0
0x011ffabc:   caaeacd5 011abc00 011ffaec 651df6a0
0x011ffacc:   011ffaf8 6c1f6c85 00000000 011ffae0
0x011ffadc:   00000001 42c80000 00000000 00000000 

Instructions: (pc=0x6c1f1253)
0x6c1f1233:   0f b6 51 01 c1 e0 08 03 c2 0f b6 51 02 0f b6 49
0x6c1f1243:   03 c1 e0 08 03 c2 c1 e0 08 03 c1 c3 cc 8b d1 53
0x6c1f1253:   8a 1a 80 fb 31 75 19 80 7a 01 00 75 13 80 7a 02
0x6c1f1263:   00 75 0d 80 7a 03 00 75 07 b8 01 00 00 00 5b c3 


Register to memory mapping:

EAX=0x00000000 is an unknown value
EBX=0x00000001 is an unknown value
ECX=0x00000000 is an unknown value
EDX=0x00000000 is an unknown value
ESP=0x011ffa6c is pointing into the stack for thread: 0x011abc00
EBP=0x011ffacc is pointing into the stack for thread: 0x011abc00
ESI=0x00000000 is an unknown value
EDI=0x00000000 is an unknown value


Stack: [0x011b0000,0x01200000],  sp=0x011ffa6c,  free space=318k
Native frames: (J=compiled Java code, j=interpreted, Vv=VM code, C=native code)
C  [lwjgl32.dll+0x31253]
C  [lwjgl32.dll+0x36c85]
j  org.lwjgl.stb.STBTruetype.nstbtt_PackFontRange(JJIFIIJ)I+0
j  org.lwjgl.stb.STBTruetype.stbtt_PackFontRange(Lorg/lwjgl/stb/STBTTPackContext;Ljava/nio/ByteBuffer;IFILorg/lwjgl/stb/STBTTPackedchar$Buffer;)I+22
j  TrueTypeFont.loadFont(Ljava/io/InputStream;)V+78
j  TrueTypeFont.<init>()V+16
j  TrueTypeFont.main([Ljava/lang/String;)V+3
v  ~StubRoutines::call_stub
V  [jvm.dll+0x155cb5]
V  [jvm.dll+0x21b12e]
V  [jvm.dll+0x155d4e]
V  [jvm.dll+0xdac47]
V  [jvm.dll+0xe31ef]
C  [javaw.exe+0x229a]
C  [javaw.exe+0xadff]
C  [javaw.exe+0xae89]
C  [KERNEL32.DLL+0x13744]
C  [ntdll.dll+0x59e54]
C  [ntdll.dll+0x59e1f]
C  0x00000000

Java frames: (J=compiled Java code, j=interpreted, Vv=VM code)
j  org.lwjgl.stb.STBTruetype.nstbtt_PackFontRange(JJIFIIJ)I+0
j  org.lwjgl.stb.STBTruetype.stbtt_PackFontRange(Lorg/lwjgl/stb/STBTTPackContext;Ljava/nio/ByteBuffer;IFILorg/lwjgl/stb/STBTTPackedchar$Buffer;)I+22
j  TrueTypeFont.loadFont(Ljava/io/InputStream;)V+78
j  TrueTypeFont.<init>()V+16
j  TrueTypeFont.main([Ljava/lang/String;)V+3
v  ~StubRoutines::call_stub

---------------  P R O C E S S  ---------------

Java Threads: ( => current thread )
  0x150f4800 JavaThread "Service Thread" daemon [_thread_blocked, id=8144, stack(0x155c0000,0x15610000)]
  0x150dd800 JavaThread "C1 CompilerThread0" daemon [_thread_blocked, id=7104, stack(0x15530000,0x15580000)]
  0x150dc400 JavaThread "Attach Listener" daemon [_thread_blocked, id=6796, stack(0x154a0000,0x154f0000)]
  0x150da800 JavaThread "Signal Dispatcher" daemon [_thread_blocked, id=6620, stack(0x15410000,0x15460000)]
  0x150b6c00 JavaThread "Finalizer" daemon [_thread_blocked, id=6140, stack(0x15380000,0x153d0000)]
  0x02a7ec00 JavaThread "Reference Handler" daemon [_thread_blocked, id=5808, stack(0x152f0000,0x15340000)]
=>0x011abc00 JavaThread "main" [_thread_in_native, id=5084, stack(0x011b0000,0x01200000)]

Other Threads:
  0x02a7c000 VMThread [stack: 0x15060000,0x150b0000] [id=6096]
  0x150fa400 WatcherThread [stack: 0x15650000,0x156a0000] [id=7244]

VM state:not at safepoint (normal execution)

VM Mutex/Monitor currently owned by a thread: None

Heap:
 def new generation   total 4928K, used 3091K [0x04c00000, 0x05150000, 0x0a150000)
  eden space 4416K,  58% used [0x04c00000, 0x04e84d90, 0x05050000)
  from space 512K, 100% used [0x05050000, 0x050d0000, 0x050d0000)
  to   space 512K,   0% used [0x050d0000, 0x050d0000, 0x05150000)
 tenured generation   total 10944K, used 1774K [0x0a150000, 0x0ac00000, 0x14c00000)
   the space 10944K,  16% used [0x0a150000, 0x0a30b870, 0x0a30ba00, 0x0ac00000)
 Metaspace       used 5047K, capacity 5224K, committed 5248K, reserved 5504K

Card table byte_map: [0x04b00000,0x04b90000] byte_map_base: 0x04ada000

Polling page: 0x01170000

CodeCache: size=32768Kb used=1030Kb max_used=1030Kb free=31737Kb
 bounds [0x02a80000, 0x02b88000, 0x04a80000]
 total_blobs=676 nmethods=215 adapters=392
 compilation: enabled

Compilation events (10 events):
Event: 0.520 Thread 0x150dd800  211             java.util.jar.Manifest$FastInputStream::readLine (167 bytes)
Event: 0.521 Thread 0x150dd800 nmethod 211 0x02b7b388 code [0x02b7b4a0, 0x02b7b6e8]
Event: 0.521 Thread 0x150dd800  212             sun.nio.cs.UTF_8$Decoder::decode (779 bytes)
Event: 0.524 Thread 0x150dd800 nmethod 212 0x02b7b8c8 code [0x02b7bc30, 0x02b7d230]
Event: 0.524 Thread 0x150dd800  213             java.lang.System::getSecurityManager (4 bytes)
Event: 0.524 Thread 0x150dd800 nmethod 213 0x02b7f908 code [0x02b7fa00, 0x02b7fa70]
Event: 0.524 Thread 0x150dd800  214             java.net.URL::getRef (5 bytes)
Event: 0.524 Thread 0x150dd800 nmethod 214 0x02b7fac8 code [0x02b7fbc0, 0x02b7fc40]
Event: 0.525 Thread 0x150dd800  215             java.nio.DirectLongBufferU::ix (10 bytes)
Event: 0.525 Thread 0x150dd800 nmethod 215 0x02b7fc88 code [0x02b7fd80, 0x02b7fe10]

GC Heap History (4 events):
Event: 0.310 GC heap before
{Heap before GC invocations=0 (full 0):
 def new generation   total 4928K, used 4360K [0x04c00000, 0x05150000, 0x0a150000)
  eden space 4416K,  98% used [0x04c00000, 0x05042038, 0x05050000)
  from space 512K,   0% used [0x05050000, 0x05050000, 0x050d0000)
  to   space 512K,   0% used [0x050d0000, 0x050d0000, 0x05150000)
 tenured generation   total 10944K, used 0K [0x0a150000, 0x0ac00000, 0x14c00000)
   the space 10944K,   0% used [0x0a150000, 0x0a150000, 0x0a150200, 0x0ac00000)
 Metaspace       used 3382K, capacity 3567K, committed 3648K, reserved 4480K
Event: 0.313 GC heap after
Heap after GC invocations=1 (full 0):
 def new generation   total 4928K, used 512K [0x04c00000, 0x05150000, 0x0a150000)
  eden space 4416K,   0% used [0x04c00000, 0x04c00000, 0x05050000)
  from space 512K, 100% used [0x050d0000, 0x05150000, 0x05150000)
  to   space 512K,   0% used [0x05050000, 0x05050000, 0x050d0000)
 tenured generation   total 10944K, used 791K [0x0a150000, 0x0ac00000, 0x14c00000)
   the space 10944K,   7% used [0x0a150000, 0x0a215e88, 0x0a216000, 0x0ac00000)
 Metaspace       used 3382K, capacity 3567K, committed 3648K, reserved 4480K
}
Event: 0.474 GC heap before
{Heap before GC invocations=1 (full 0):
 def new generation   total 4928K, used 4887K [0x04c00000, 0x05150000, 0x0a150000)
  eden space 4416K,  99% used [0x04c00000, 0x05045d98, 0x05050000)
  from space 512K, 100% used [0x050d0000, 0x05150000, 0x05150000)
  to   space 512K,   0% used [0x05050000, 0x05050000, 0x050d0000)
 tenured generation   total 10944K, used 791K [0x0a150000, 0x0ac00000, 0x14c00000)
   the space 10944K,   7% used [0x0a150000, 0x0a215e88, 0x0a216000, 0x0ac00000)
 Metaspace       used 4600K, capacity 4776K, committed 4864K, reserved 5504K
Event: 0.479 GC heap after
Heap after GC invocations=2 (full 0):
 def new generation   total 4928K, used 512K [0x04c00000, 0x05150000, 0x0a150000)
  eden space 4416K,   0% used [0x04c00000, 0x04c00000, 0x05050000)
  from space 512K, 100% used [0x05050000, 0x050d0000, 0x050d0000)
  to   space 512K,   0% used [0x050d0000, 0x050d0000, 0x05150000)
 tenured generation   total 10944K, used 1774K [0x0a150000, 0x0ac00000, 0x14c00000)
   the space 10944K,  16% used [0x0a150000, 0x0a30b870, 0x0a30ba00, 0x0ac00000)
 Metaspace       used 4600K, capacity 4776K, committed 4864K, reserved 5504K
}

Deoptimization events (0 events):
No events

Internal exceptions (8 events):
Event: 0.038 Thread 0x011abc00 Exception <a 'java/lang/NoSuchMethodError': Method sun.misc.Unsafe.defineClass(Ljava/lang/String;[BII)Ljava/lang/Class; name or signature does not match> (0x04c0b5d0) thrown at [C:\re\workspace\8-2-build-windows-i586-cygwin\jdk8u45\3627\hotspot\src\share\v³T]äÞv£?
Event: 0.038 Thread 0x011abc00 Exception <a 'java/lang/NoSuchMethodError': Method sun.misc.Unsafe.prefetchRead(Ljava/lang/Object;J)V name or signature does not match> (0x04c0b850) thrown at [C:\re\workspace\8-2-build-windows-i586-cygwin\jdk8u45\3627\hotspot\src\share\vm\prims\jni.cpp, l9nMˆÄ?
Event: 0.160 Thread 0x011abc00 Exception <a 'java/lang/NoSuchFieldError': method resolution failed> (0x04e17ad8) thrown at [C:\re\workspace\8-2-build-windows-i586-cygwin\jdk8u45\3627\hotspot\src\share\vm\prims\methodHandles.cpp, line 1125]
Event: 0.162 Thread 0x011abc00 Exception <a 'java/lang/NoSuchFieldError': method resolution failed> (0x04e24e38) thrown at [C:\re\workspace\8-2-build-windows-i586-cygwin\jdk8u45\3627\hotspot\src\share\vm\prims\methodHandles.cpp, line 1125]
Event: 0.190 Thread 0x011abc00 Exception <a 'java/security/PrivilegedActionException'> (0x04ebfdf0) thrown at [C:\re\workspace\8-2-build-windows-i586-cygwin\jdk8u45\3627\hotspot\src\share\vm\prims\jvm.cpp, line 1382]
Event: 0.190 Thread 0x011abc00 Exception <a 'java/security/PrivilegedActionException'> (0x04ec0130) thrown at [C:\re\workspace\8-2-build-windows-i586-cygwin\jdk8u45\3627\hotspot\src\share\vm\prims\jvm.cpp, line 1382]
Event: 0.190 Thread 0x011abc00 Exception <a 'java/security/PrivilegedActionException'> (0x04ec4410) thrown at [C:\re\workspace\8-2-build-windows-i586-cygwin\jdk8u45\3627\hotspot\src\share\vm\prims\jvm.cpp, line 1382]
Event: 0.191 Thread 0x011abc00 Exception <a 'java/security/PrivilegedActionException'> (0x04ec4750) thrown at [C:\re\workspace\8-2-build-windows-i586-cygwin\jdk8u45\3627\hotspot\src\share\vm\prims\jvm.cpp, line 1382]

Events (10 events):
Event: 0.525 loading class org/apache/commons/io/input/ClosedInputStream
Event: 0.525 loading class org/apache/commons/io/input/ClosedInputStream done
Event: 0.525 loading class java/io/SequenceInputStream
Event: 0.525 loading class java/io/SequenceInputStream done
Event: 0.526 loading class org/lwjgl/stb/STBTruetype
Event: 0.526 loading class org/lwjgl/stb/STBTruetype done
Event: 0.527 loading class org/lwjgl/stb/STBTTVertex$Buffer
Event: 0.527 loading class org/lwjgl/stb/STBTTVertex$Buffer done
Event: 0.528 loading class org/lwjgl/stb/STBTTBakedChar$Buffer
Event: 0.528 loading class org/lwjgl/stb/STBTTBakedChar$Buffer done


Dynamic libraries:
0x00100000 - 0x00133000 	C:\Program Files (x86)\Java\jdk1.8.0_45\bin\javaw.exe
0x775c0000 - 0x77739000 	C:\WINDOWS\SYSTEM32\ntdll.dll
0x774d0000 - 0x775c0000 	C:\WINDOWS\SYSTEM32\KERNEL32.DLL
0x76910000 - 0x76a86000 	C:\WINDOWS\SYSTEM32\KERNELBASE.dll
0x76890000 - 0x7690b000 	C:\WINDOWS\SYSTEM32\ADVAPI32.dll
0x74830000 - 0x748ee000 	C:\WINDOWS\SYSTEM32\msvcrt.dll
0x77320000 - 0x77363000 	C:\WINDOWS\SYSTEM32\sechost.dll
0x75020000 - 0x750cc000 	C:\WINDOWS\SYSTEM32\RPCRT4.dll
0x746d0000 - 0x746ee000 	C:\WINDOWS\SYSTEM32\SspiCli.dll
0x746c0000 - 0x746ca000 	C:\WINDOWS\SYSTEM32\CRYPTBASE.dll
0x74660000 - 0x746b9000 	C:\WINDOWS\SYSTEM32\bcryptPrimitives.dll
0x77370000 - 0x774b0000 	C:\WINDOWS\SYSTEM32\USER32.dll
0x76560000 - 0x766ad000 	C:\WINDOWS\SYSTEM32\GDI32.dll
0x724e0000 - 0x726e9000 	C:\WINDOWS\WinSxS\x86_microsoft.windows.common-controls_6595b64144ccf1df_6.0.10240.16384_none_3bccb1ff6bcd1849\COMCTL32.dll
0x76530000 - 0x7655b000 	C:\WINDOWS\SYSTEM32\IMM32.DLL
0x74f00000 - 0x75020000 	C:\WINDOWS\SYSTEM32\MSCTF.dll
0x6c2d0000 - 0x6c38f000 	C:\Program Files (x86)\Java\jdk1.8.0_45\jre\bin\msvcr100.dll
0x65160000 - 0x65520000 	C:\Program Files (x86)\Java\jdk1.8.0_45\jre\bin\client\jvm.dll
0x76a90000 - 0x76a96000 	C:\WINDOWS\SYSTEM32\PSAPI.DLL
0x72100000 - 0x72124000 	C:\WINDOWS\SYSTEM32\WINMM.dll
0x74350000 - 0x74358000 	C:\WINDOWS\SYSTEM32\WSOCK32.dll
0x741d0000 - 0x741d8000 	C:\WINDOWS\SYSTEM32\VERSION.dll
0x746f0000 - 0x7474b000 	C:\WINDOWS\SYSTEM32\WS2_32.dll
0x749e0000 - 0x749e7000 	C:\WINDOWS\SYSTEM32\NSI.dll
0x720d0000 - 0x720f3000 	C:\WINDOWS\SYSTEM32\WINMMBASE.dll
0x74900000 - 0x74936000 	C:\WINDOWS\SYSTEM32\cfgmgr32.dll
0x70b50000 - 0x70b71000 	C:\WINDOWS\SYSTEM32\DEVOBJ.dll
0x70140000 - 0x7014c000 	C:\Program Files (x86)\Java\jdk1.8.0_45\jre\bin\verify.dll
0x6c2a0000 - 0x6c2c1000 	C:\Program Files (x86)\Java\jdk1.8.0_45\jre\bin\java.dll
0x6c280000 - 0x6c293000 	C:\Program Files (x86)\Java\jdk1.8.0_45\jre\bin\zip.dll
0x75170000 - 0x7652f000 	C:\WINDOWS\SYSTEM32\SHELL32.dll
0x76aa0000 - 0x76f7c000 	C:\WINDOWS\SYSTEM32\windows.storage.dll
0x74ac0000 - 0x74c7a000 	C:\WINDOWS\SYSTEM32\combase.dll
0x749f0000 - 0x74a34000 	C:\WINDOWS\SYSTEM32\shlwapi.dll
0x748f0000 - 0x748fc000 	C:\WINDOWS\SYSTEM32\kernel.appcore.dll
0x747a0000 - 0x7482d000 	C:\WINDOWS\SYSTEM32\shcore.dll
0x76f80000 - 0x76fc4000 	C:\WINDOWS\SYSTEM32\powrprof.dll
0x74ef0000 - 0x74eff000 	C:\WINDOWS\SYSTEM32\profapi.dll
0x6c1c0000 - 0x6c278000 	C:\Users\Nicolas\git\EngineOpenGL\EngineOpenGL\native\lwjgl32.dll
0x771a0000 - 0x7728a000 	C:\WINDOWS\SYSTEM32\ole32.dll
0x6c180000 - 0x6c1b6000 	C:\Users\Nicolas\git\EngineOpenGL\EngineOpenGL\native\glfw32.dll
0x72460000 - 0x724d5000 	C:\WINDOWS\system32\uxtheme.dll
0x6b900000 - 0x6b936000 	C:\WINDOWS\SYSTEM32\dinput8.dll
0x70130000 - 0x7013b000 	C:\WINDOWS\SYSTEM32\xinput1_4.dll
0x720b0000 - 0x720cd000 	C:\WINDOWS\SYSTEM32\dwmapi.dll
0x65080000 - 0x65160000 	C:\WINDOWS\SYSTEM32\opengl32.dll
0x64f90000 - 0x6507b000 	C:\WINDOWS\SYSTEM32\DDRAW.dll
0x6bb20000 - 0x6bb45000 	C:\WINDOWS\SYSTEM32\GLU32.dll
0x6ddd0000 - 0x6ddd7000 	C:\WINDOWS\SYSTEM32\DCIMAN32.dll
0x6fba0000 - 0x6fbaa000 	C:\WINDOWS\SYSTEM32\HID.DLL
0x74c80000 - 0x74e25000 	C:\WINDOWS\SYSTEM32\SETUPAPI.DLL
0x74750000 - 0x74792000 	C:\WINDOWS\SYSTEM32\WINTRUST.dll
0x74a50000 - 0x74a5e000 	C:\WINDOWS\SYSTEM32\MSASN1.dll
0x766b0000 - 0x76825000 	C:\WINDOWS\SYSTEM32\CRYPT32.dll
0x644e0000 - 0x64d13000 	C:\WINDOWS\SYSTEM32\ig75icd32.dll
0x65520000 - 0x65dbb000 	C:\WINDOWS\SYSTEM32\igdusc32.dll
0x73c20000 - 0x73c2f000 	C:\WINDOWS\SYSTEM32\WTSAPI32.dll
0x68ea0000 - 0x68ecd000 	C:\Users\Nicolas\git\EngineOpenGL\EngineOpenGL\native\jemalloc32.dll
0x64180000 - 0x642bf000 	C:\WINDOWS\SYSTEM32\dbghelp.dll

VM Arguments:
jvm_args: -Djava.library.path=C:\Users\Nicolas\git\EngineOpenGL\EngineOpenGL\native -Dfile.encoding=Cp1252 
java_command: TrueTypeFont
java_class_path (initial): C:\Users\Nicolas\git\EngineOpenGL\EngineOpenGL\target\test-classes;C:\Users\Nicolas\git\EngineOpenGL\EngineOpenGL\target\classes;C:\Users\Nicolas\git\EngineOpenGL\EngineOpenGL\lib\lwjgl.jar;C:\Users\Nicolas\git\EngineOpenGL\EngineOpenGL\lib\slick-util.jar;C:\Users\Nicolas\.m2\repository\org\apache\commons\commons-lang3\3.4\commons-lang3-3.4.jar;C:\Users\Nicolas\.m2\repository\commons-io\commons-io\2.5\commons-io-2.5.jar
Launcher Type: SUN_STANDARD

Environment Variables:
JAVA_HOME=C:\Program Files (x86)\Java\jdk1.8.0_45
PATH=C:/Program Files (x86)/Java/jre1.8.0_101/bin/client;C:/Program Files (x86)/Java/jre1.8.0_101/bin;C:/Program Files (x86)/Java/jre1.8.0_101/lib/i386;C:\ProgramData\Oracle\Java\javapath;C:\Program Files (x86)\NVIDIA Corporation\PhysX\Common;C:\WINDOWS\system32;C:\WINDOWS;C:\WINDOWS\System32\Wbem;C:\WINDOWS\System32\WindowsPowerShell\v1.0\;C:\Program Files\Microsoft SQL Server\110\Tools\Binn\;C:\Program Files (x86)\Microsoft SDKs\TypeScript\1.0\;C:\Program Files\Microsoft SQL Server\120\Tools\Binn\;C:\Program Files (x86)\Java\jre1.8.0_101\bin;C:\Program Files (x86)\Brackets\command;C:\Users\Nicolas\Desktop;
USERNAME=Nicolas
OS=Windows_NT
PROCESSOR_IDENTIFIER=Intel64 Family 6 Model 69 Stepping 1, GenuineIntel



---------------  S Y S T E M  ---------------

OS: Windows 10.0 , 64 bit Build 10240 (10.0.10240.16384)

CPU:total 4 (2 cores per cpu, 2 threads per core) family 6 model 69 stepping 1, cmov, cx8, fxsr, mmx, sse, sse2, sse3, ssse3, sse4.1, sse4.2, popcnt, avx, avx2, aes, clmul, erms, lzcnt, ht, tsc, tscinvbit, bmi1, bmi2

Memory: 4k page, physical 8317080k(5756788k free), swap 9627800k(6896512k free)

vm_info: Java HotSpot(TM) Client VM (25.45-b02) for windows-x86 JRE (1.8.0_45-b15), built on Apr 30 2015 12:31:00 by "java_re" with MS VC++ 10.0 (VS2010)

time: Sat Aug 06 15:52:11 2016
elapsed time: 0 seconds (0d 0h 0m 0s)

